TN:
SF:contracts/lib/FixedPointMathLib.sol
DA:16,1
FN:16,FixedPointMathLib.mulWadDown
FNDA:1,FixedPointMathLib.mulWadDown
DA:17,1
DA:20,0
FN:20,FixedPointMathLib.mulWadUp
FNDA:0,FixedPointMathLib.mulWadUp
DA:21,0
DA:24,2
FN:24,FixedPointMathLib.divWadDown
FNDA:2,FixedPointMathLib.divWadDown
DA:25,2
DA:28,0
FN:28,FixedPointMathLib.divWadUp
FNDA:0,FixedPointMathLib.divWadUp
DA:29,0
DA:36,3
FN:36,FixedPointMathLib.mulDivDown
FNDA:3,FixedPointMathLib.mulDivDown
DA:44,0
BRDA:44,0,0,-
DA:45,0
DA:49,0
DA:53,0
FN:53,FixedPointMathLib.mulDivUp
FNDA:0,FixedPointMathLib.mulDivUp
DA:61,0
BRDA:61,1,0,-
DA:62,0
DA:67,0
DA:71,0
FN:71,FixedPointMathLib.rpow
FNDA:0,FixedPointMathLib.rpow
DA:79,0
DA:81,0
DA:83,0
DA:85,0
DA:87,0
DA:90,0
DA:92,0
DA:94,0
DA:96,0
DA:98,0
DA:102,0
DA:106,0
DA:109,0
DA:110,0
DA:113,0
BRDA:113,2,0,-
DA:114,0
DA:118,0
DA:121,0
DA:124,0
BRDA:124,3,0,-
DA:125,0
DA:129,0
DA:132,0
BRDA:132,4,0,-
DA:134,0
DA:137,0
BRDA:137,5,0,-
DA:139,0
BRDA:139,6,0,-
DA:140,0
DA:145,0
DA:148,0
BRDA:148,7,0,-
DA:149,0
DA:153,0
DA:164,0
FN:164,FixedPointMathLib.sqrt
FNDA:0,FixedPointMathLib.sqrt
DA:167,0
DA:169,0
DA:176,0
BRDA:176,8,0,-
DA:177,0
DA:178,0
DA:180,0
BRDA:180,9,0,-
DA:181,0
DA:182,0
DA:184,0
BRDA:184,10,0,-
DA:185,0
DA:186,0
DA:188,0
BRDA:188,11,0,-
DA:189,0
DA:190,0
DA:209,0
DA:212,0
DA:213,0
DA:214,0
DA:215,0
DA:216,0
DA:217,0
DA:218,0
DA:225,0
DA:229,0
FN:229,FixedPointMathLib.unsafeMod
FNDA:0,FixedPointMathLib.unsafeMod
DA:234,0
DA:238,0
FN:238,FixedPointMathLib.unsafeDiv
FNDA:0,FixedPointMathLib.unsafeDiv
DA:243,0
DA:247,0
FN:247,FixedPointMathLib.unsafeDivUp
FNDA:0,FixedPointMathLib.unsafeDivUp
DA:252,0
FNF:11
FNH:3
LF:77
LH:5
BRF:12
BRH:0
end_of_record
TN:
SF:contracts/non-upgradable/layer-zero/ArtToken.sol
DA:44,20
FN:44,ArtToken.constructor
FNDA:20,ArtToken.constructor
DA:55,20
BRDA:55,0,0,20
DA:56,20
DA:62,1
FN:62,ArtToken.mint
FNDA:1,ArtToken.mint
DA:63,1
DA:68,22
FN:68,ArtToken.setClaimableSupply
FNDA:22,ArtToken.setClaimableSupply
DA:69,22
BRDA:69,1,0,-
BRDA:69,1,1,-
DA:70,22
DA:71,22
DA:76,6
FN:76,ArtToken.setMerkleRoot
FNDA:6,ArtToken.setMerkleRoot
DA:77,6
DA:82,4
FN:82,ArtToken.setTgeEnabledAt
FNDA:4,ArtToken.setTgeEnabledAt
DA:83,4
BRDA:83,2,0,-
BRDA:83,2,1,-
DA:84,4
DA:97,8
FN:97,ArtToken.claim
FNDA:8,ArtToken.claim
DA:98,8
DA:99,7
DA:101,7
DA:104,4
BRDA:104,3,0,4
DA:105,4
DA:108,8
DA:115,0
FN:115,ArtToken.claimFor
FNDA:0,ArtToken.claimFor
DA:118,0
DA:119,0
BRDA:119,4,0,-
BRDA:119,4,1,-
DA:120,0
BRDA:120,5,0,-
BRDA:120,5,1,-
DA:123,0
DA:126,0
BRDA:126,6,0,-
BRDA:126,6,1,-
DA:129,0
DA:130,0
BRDA:130,7,0,-
BRDA:130,7,1,-
DA:132,0
DA:140,0
FN:140,ArtToken.burn
FNDA:0,ArtToken.burn
DA:141,0
DA:142,0
DA:148,0
FN:148,ArtToken.burnFrom
FNDA:0,ArtToken.burnFrom
DA:149,0
DA:150,0
DA:151,0
DA:156,42
FN:156,ArtToken.decimals
FNDA:42,ArtToken.decimals
DA:157,42
DA:161,0
FN:161,ArtToken.getClaimableSupply
FNDA:0,ArtToken.getClaimableSupply
DA:162,0
DA:168,0
FN:168,ArtToken.claimedByAccount
FNDA:0,ArtToken.claimedByAccount
DA:169,0
DA:173,46
FN:173,ArtToken.cap
FNDA:46,ArtToken.cap
DA:174,46
DA:181,0
FN:181,ArtToken.setStakingContractAddress
FNDA:0,ArtToken.setStakingContractAddress
DA:182,0
BRDA:182,8,0,-
BRDA:182,8,1,-
DA:183,0
DA:187,0
FN:187,ArtToken.enableTGE
FNDA:0,ArtToken.enableTGE
DA:188,0
DA:191,8
FN:191,ArtToken.isTGEActive
FNDA:8,ArtToken.isTGEActive
DA:192,8
DA:195,9
FN:195,ArtToken.claimingPeriods
FNDA:9,ArtToken.claimingPeriods
DA:196,9
DA:197,9
DA:198,9
DA:199,9
DA:204,8
FN:204,ArtToken._verifyMerkleProof
FNDA:8,ArtToken._verifyMerkleProof
DA:205,8
DA:206,8
BRDA:206,9,0,-
BRDA:206,9,1,-
DA:209,7
FN:209,ArtToken._calculateReleaseAmount
FNDA:7,ArtToken._calculateReleaseAmount
DA:210,7
BRDA:210,10,0,-
BRDA:210,10,1,-
DA:211,7
DA:214,6
DA:215,6
BRDA:215,11,0,1
DA:216,1
DA:220,5
BRDA:220,12,0,2
DA:221,2
BRDA:221,13,0,-
BRDA:221,13,1,-
DA:222,2
DA:223,1
DA:227,3
BRDA:227,14,0,-
BRDA:227,14,1,-
DA:228,2
BRDA:228,15,0,2
DA:230,2
DA:232,2
DA:233,2
DA:234,2
DA:239,4
FN:239,ArtToken._processClaim
FNDA:4,ArtToken._processClaim
DA:240,4
DA:242,4
BRDA:242,16,0,-
BRDA:242,16,1,-
DA:244,3
BRDA:244,17,0,1
DA:245,1
DA:248,3
DA:249,4
DA:250,3
DA:251,3
DA:253,4
DA:257,24
FN:257,ArtToken._update
FNDA:24,ArtToken._update
DA:258,24
DA:262,0
FN:262,ArtToken.transferOwnership
FNDA:0,ArtToken.transferOwnership
DA:263,0
DA:266,20
FN:266,ArtToken._transferOwnership
FNDA:20,ArtToken._transferOwnership
DA:267,20
FNF:23
FNH:15
LF:92
LH:65
BRF:30
BRH:6
end_of_record
TN:
SF:contracts/upgradable/ArtToken.sol
DA:26,0
FN:26,ArtToken.constructor
FNDA:0,ArtToken.constructor
DA:27,0
DA:30,0
FN:30,ArtToken.initialize
FNDA:0,ArtToken.initialize
DA:36,0
DA:37,0
DA:38,0
DA:39,0
DA:40,0
DA:41,0
DA:44,0
FN:44,ArtToken.decimals
FNDA:0,ArtToken.decimals
DA:45,0
DA:49,0
FN:49,ArtToken.mint
FNDA:0,ArtToken.mint
DA:50,0
DA:53,0
FN:53,ArtToken._update
FNDA:0,ArtToken._update
DA:54,0
DA:57,0
FN:57,ArtToken._authorizeUpgrade
FNDA:0,ArtToken._authorizeUpgrade
DA:64,0
FN:64,ArtToken.getClaimableSupply
FNDA:0,ArtToken.getClaimableSupply
DA:65,0
DA:70,0
FN:70,ArtToken.setClaimableSupply
FNDA:0,ArtToken.setClaimableSupply
DA:71,0
BRDA:71,0,0,-
BRDA:71,0,1,-
DA:72,0
DA:73,0
DA:78,0
FN:78,ArtToken.setMerkleRoot
FNDA:0,ArtToken.setMerkleRoot
DA:79,0
DA:86,0
FN:86,ArtToken.claim
FNDA:0,ArtToken.claim
DA:87,0
BRDA:87,1,0,-
BRDA:87,1,1,-
DA:88,0
BRDA:88,2,0,-
BRDA:88,2,1,-
DA:90,0
DA:91,0
BRDA:91,3,0,-
BRDA:91,3,1,-
DA:92,0
BRDA:92,4,0,-
BRDA:92,4,1,-
DA:93,0
BRDA:93,5,0,-
BRDA:93,5,1,-
DA:96,0
DA:99,0
BRDA:99,6,0,-
BRDA:99,6,1,-
DA:103,0
DA:104,0
DA:105,0
DA:106,0
DA:115,0
FN:115,ArtToken.claimFor
FNDA:0,ArtToken.claimFor
DA:116,0
DA:117,0
BRDA:117,7,0,-
BRDA:117,7,1,-
DA:121,0
BRDA:121,8,0,-
BRDA:121,8,1,-
DA:127,0
DA:130,0
BRDA:130,9,0,-
BRDA:130,9,1,-
DA:136,0
DA:137,0
BRDA:137,10,0,-
BRDA:137,10,1,-
DA:138,0
BRDA:138,11,0,-
BRDA:138,11,1,-
DA:139,0
BRDA:139,12,0,-
BRDA:139,12,1,-
DA:141,0
DA:142,0
DA:144,0
DA:145,0
DA:151,0
FN:151,ArtToken.claimedAmount
FNDA:0,ArtToken.claimedAmount
DA:152,0
DA:156,0
FN:156,ArtToken.cap
FNDA:0,ArtToken.cap
DA:157,0
DA:162,0
FN:162,ArtToken.burn
FNDA:0,ArtToken.burn
DA:163,0
DA:164,0
DA:170,0
FN:170,ArtToken.burnFrom
FNDA:0,ArtToken.burnFrom
DA:171,0
DA:172,0
DA:173,0
DA:178,0
FN:178,ArtToken.totalBurned
FNDA:0,ArtToken.totalBurned
DA:179,0
DA:184,0
FN:184,ArtToken.setStakingContractAddress
FNDA:0,ArtToken.setStakingContractAddress
DA:185,0
BRDA:185,13,0,-
BRDA:185,13,1,-
DA:186,0
FNF:17
FNH:0
LF:67
LH:0
BRF:28
BRH:0
end_of_record
TN:
SF:test/ArtToken.t.sol
DA:11,0
FN:11,ArtTokenTest_OFT_NonUpgradable.setUp
FNDA:0,ArtTokenTest_OFT_NonUpgradable.setUp
DA:12,0
FNF:1
FNH:0
LF:2
LH:0
BRF:0
BRH:0
end_of_record
TN:
SF:test/ContractUnderTest.sol
DA:29,20
FN:29,ContractUnderTest.setUp
FNDA:20,ContractUnderTest.setUp
DA:31,20
DA:32,20
DA:33,20
DA:35,20
DA:37,20
DA:39,20
DA:42,20
DA:44,20
DA:48,6
FN:48,ContractUnderTest._claimerDetails
FNDA:6,ContractUnderTest._claimerDetails
DA:53,6
DA:54,6
DA:55,6
DA:58,6
BRDA:58,0,0,-
DA:59,0
DA:60,0
DA:61,0
DA:65,6
DA:68,6
DA:69,6
DA:71,6
DA:72,6
DA:73,6
DA:76,0
FN:76,ContractUnderTest._performClaimAfterVestingPeriod
FNDA:0,ContractUnderTest._performClaimAfterVestingPeriod
DA:77,0
DA:79,0
DA:80,0
DA:83,0
DA:84,0
DA:85,0
DA:88,0
DA:91,0
DA:92,0
DA:93,0
FNF:3
FNH:2
LF:34
LH:20
BRF:1
BRH:0
end_of_record
